[Rank 0] INFO: Starting master task
[Rank 0] INFO: Found 1 images in input_images
[Rank 0] INFO: Compressing and distributing images to slaves...
[Rank 0] INFO: Compressing images completed in 0.60 seconds
[Rank 0] INFO: Waiting for augmented data from slaves...
[Rank 0] INFO: Starting master task
[Rank 0] INFO: Found 1 images in input_images
[Rank 0] INFO: Compressing and distributing images to slaves...
[Rank 0] INFO: Compressing images completed in 1.01 seconds
[Rank 0] INFO: Waiting for augmented data from slaves...
[Rank 0] INFO: Starting master task
[Rank 0] INFO: Found 1 images in input_images
[Rank 0] INFO: Compressing and distributing images to slaves...
[Rank 0] INFO: Compressing images completed in 0.62 seconds
[Rank 0] INFO: Waiting for augmented data from slaves...
[Rank 0] INFO: Starting master task
[Rank 0] INFO: Found 1 images in input_images
[Rank 0] INFO: Compressing and distributing images to slaves...
[Rank 0] INFO: Compressing images completed in 1.03 seconds
[Rank 0] INFO: Waiting for augmented data from slaves...
