[Rank 1] INFO: Starting slave task
[Rank 1] INFO: Awaiting images from master...
[Rank 1] INFO: Images from master received...
[Rank 1] INFO: Processing images...
[Rank 1] INFO: Starting slave task
[Rank 1] INFO: Awaiting images from master...
[Rank 1] INFO: Images from master received...
[Rank 1] INFO: Processing images...
[Rank 1] INFO: Decompressing images completed in 1.15 seconds
[Rank 1] INFO: Augmenting images completed in 0.05 seconds
[Rank 1] INFO: Compressing images completed in 1.04 seconds
[Rank 1] INFO: Compressing images completed in 0.98 seconds
[Rank 1] INFO: Compressing images completed in 0.97 seconds
[Rank 1] INFO: Compressing images completed in 0.96 seconds
[Rank 1] INFO: Starting slave task
[Rank 1] INFO: Awaiting images from master...
[Rank 1] INFO: Images from master received...
[Rank 1] INFO: Processing images...
[Rank 1] INFO: Starting slave task
[Rank 1] INFO: Awaiting images from master...
[Rank 1] INFO: Images from master received...
[Rank 1] INFO: Processing images...
[Rank 1] INFO: Decompressing images completed in 1.23 seconds
[Rank 1] INFO: Augmenting images completed in 0.05 seconds
[Rank 1] INFO: Compressing images completed in 0.93 seconds
[Rank 1] INFO: Compressing images completed in 1.02 seconds
